<?xml version="1.0" encoding="UTF-8"?>
<robot generator="Robot 6.0.2 (Python 3.10.9 on win32)" generated="20230125 17:08:22.453" rpa="false" schemaversion="3">
<suite id="s1" name="Appium" source="C:\Users\ritik\PycharmProjects\robo-project\Tests\appium.robot">
<test id="s1-t1" name="Test_case_01" line="15">
<kw name="Open Application" library="AppiumLibrary">
<arg>http://127.0.0.1:4723/wd/hub</arg>
<arg>platformName=${Platform_Name}</arg>
<arg>platformVersion=9</arg>
<arg>deviceName=${Device_Name}</arg>
<arg>appPackage=${APP_PACKAGE}</arg>
<arg>appActivity=${APP_ACTIVITY} automationName=${ANDROID_AUTOMATION_NAME}</arg>
<doc>Opens a new application to given Appium server.
Capabilities of appium server, Android and iOS,
Please check https://github.com/appium/appium/blob/master/docs/en/writing-running-appium/server-args.md
| *Option*            | *Man.* | *Description*     |
| remote_url          | Yes    | Appium server url |
| alias               | no     | alias             |
| strict_ssl          | No     | allows you to send commands to an invalid certificate host like a self-signed one. |</doc>
<status status="PASS" starttime="20230125 17:08:22.774" endtime="20230125 17:08:30.662"/>
</kw>
<kw name="Wait Until Element Is Visible" library="AppiumLibrary">
<arg>xpath=//android.widget.ImageView[@content-desc="Select English"]</arg>
<doc>Waits until element specified with `locator` is visible.</doc>
<msg timestamp="20230125 17:08:32.993" level="INFO">xpath criteria: //android.widget.ImageView[@content-desc="Select English"]
xpath criteria: //android.widget.ImageView[@content-desc="Select English"]
xpath criteria: //android.widget.ImageView[@content-desc="Select English"]
xpath criteria: //android.widget.ImageView[@content-desc="Select English"]
xpath criteria: //android.widget.ImageView[@content-desc="Select English"]
xpath criteria: //android.widget.ImageView[@content-desc="Select English"]</msg>
<status status="PASS" starttime="20230125 17:08:30.666" endtime="20230125 17:08:32.993"/>
</kw>
<kw name="Sleep" library="BuiltIn">
<arg>2s</arg>
<doc>Pauses the test executed for the given time.</doc>
<msg timestamp="20230125 17:08:34.999" level="INFO">Slept 2 seconds</msg>
<status status="PASS" starttime="20230125 17:08:32.994" endtime="20230125 17:08:34.999"/>
</kw>
<kw name="Click Element" library="AppiumLibrary">
<arg>xpath=//android.widget.ImageView[@content-desc="Select English"]</arg>
<doc>Click element identified by `locator`.</doc>
<msg timestamp="20230125 17:08:35.000" level="INFO">Clicking element 'xpath=//android.widget.ImageView[@content-desc="Select English"]'.</msg>
<msg timestamp="20230125 17:08:35.225" level="INFO">xpath criteria: //android.widget.ImageView[@content-desc="Select English"]</msg>
<status status="PASS" starttime="20230125 17:08:34.999" endtime="20230125 17:08:35.225"/>
</kw>
<kw name="Sleep" library="BuiltIn">
<arg>2s</arg>
<doc>Pauses the test executed for the given time.</doc>
<msg timestamp="20230125 17:08:37.227" level="INFO">Slept 2 seconds</msg>
<status status="PASS" starttime="20230125 17:08:35.225" endtime="20230125 17:08:37.227"/>
</kw>
<kw name="Click Element" library="AppiumLibrary">
<arg>id=in.amazon.mShop.android.shopping:id/continue_button</arg>
<doc>Click element identified by `locator`.</doc>
<msg timestamp="20230125 17:08:37.231" level="INFO">Clicking element 'id=in.amazon.mShop.android.shopping:id/continue_button'.</msg>
<msg timestamp="20230125 17:08:37.481" level="INFO">criteria is in.amazon.mShop.android.shopping:id/continue_button</msg>
<status status="PASS" starttime="20230125 17:08:37.228" endtime="20230125 17:08:37.481"/>
</kw>
<kw name="Sleep" library="BuiltIn">
<arg>2s</arg>
<doc>Pauses the test executed for the given time.</doc>
<msg timestamp="20230125 17:08:39.491" level="INFO">Slept 2 seconds</msg>
<status status="PASS" starttime="20230125 17:08:37.481" endtime="20230125 17:08:39.491"/>
</kw>
<kw name="Click Element" library="AppiumLibrary">
<arg>id=in.amazon.mShop.android.shopping:id/skip_sign_in_button</arg>
<doc>Click element identified by `locator`.</doc>
<msg timestamp="20230125 17:08:39.496" level="INFO">Clicking element 'id=in.amazon.mShop.android.shopping:id/skip_sign_in_button'.</msg>
<msg timestamp="20230125 17:08:39.734" level="INFO">criteria is in.amazon.mShop.android.shopping:id/skip_sign_in_button</msg>
<status status="PASS" starttime="20230125 17:08:39.492" endtime="20230125 17:08:39.734"/>
</kw>
<kw name="Click Element" library="AppiumLibrary">
<arg>id=in.amazon.mShop.android.shopping:id/chrome_search_hint_view</arg>
<doc>Click element identified by `locator`.</doc>
<msg timestamp="20230125 17:08:39.736" level="INFO">Clicking element 'id=in.amazon.mShop.android.shopping:id/chrome_search_hint_view'.</msg>
<msg timestamp="20230125 17:08:42.624" level="INFO">criteria is in.amazon.mShop.android.shopping:id/chrome_search_hint_view</msg>
<status status="PASS" starttime="20230125 17:08:39.734" endtime="20230125 17:08:42.624"/>
</kw>
<kw name="Sleep" library="BuiltIn">
<arg>2s</arg>
<doc>Pauses the test executed for the given time.</doc>
<msg timestamp="20230125 17:08:44.628" level="INFO">Slept 2 seconds</msg>
<status status="PASS" starttime="20230125 17:08:42.626" endtime="20230125 17:08:44.628"/>
</kw>
<kw name="Input Text" library="AppiumLibrary">
<arg>id=in.amazon.mShop.android.shopping:id/rs_search_src_text</arg>
<arg>shirt for men</arg>
<doc>Types the given `text` into text field identified by `locator`.</doc>
<msg timestamp="20230125 17:08:44.633" level="INFO">Typing text 'shirt for men' into text field 'id=in.amazon.mShop.android.shopping:id/rs_search_src_text'</msg>
<msg timestamp="20230125 17:08:49.861" level="INFO">criteria is in.amazon.mShop.android.shopping:id/rs_search_src_text</msg>
<status status="PASS" starttime="20230125 17:08:44.629" endtime="20230125 17:08:49.861"/>
</kw>
<kw name="Sleep" library="BuiltIn">
<arg>2s</arg>
<doc>Pauses the test executed for the given time.</doc>
<msg timestamp="20230125 17:08:51.869" level="INFO">Slept 2 seconds</msg>
<status status="PASS" starttime="20230125 17:08:49.862" endtime="20230125 17:08:51.869"/>
</kw>
<kw name="Click Element" library="AppiumLibrary">
<arg>id=in.amazon.mShop.android.shopping:id/chrome_action_bar_search_icon</arg>
<doc>Click element identified by `locator`.</doc>
<msg timestamp="20230125 17:08:51.904" level="INFO">Clicking element 'id=in.amazon.mShop.android.shopping:id/chrome_action_bar_search_icon'.</msg>
<msg timestamp="20230125 17:08:55.074" level="INFO">criteria is in.amazon.mShop.android.shopping:id/chrome_action_bar_search_icon</msg>
<status status="PASS" starttime="20230125 17:08:51.903" endtime="20230125 17:08:55.075"/>
</kw>
<kw name="Sleep" library="BuiltIn">
<arg>2s</arg>
<doc>Pauses the test executed for the given time.</doc>
<msg timestamp="20230125 17:08:57.089" level="INFO">Slept 2 seconds</msg>
<status status="PASS" starttime="20230125 17:08:55.075" endtime="20230125 17:08:57.089"/>
</kw>
<doc>This is a sample test case for amazon application</doc>
<tag>config</tag>
<status status="PASS" starttime="20230125 17:08:22.773" endtime="20230125 17:08:57.089"/>
</test>
<status status="PASS" starttime="20230125 17:08:22.454" endtime="20230125 17:08:57.090"/>
</suite>
<statistics>
<total>
<stat pass="1" fail="0" skip="0">All Tests</stat>
</total>
<tag>
<stat pass="1" fail="0" skip="0">config</stat>
</tag>
<suite>
<stat pass="1" fail="0" skip="0" id="s1" name="Appium">Appium</stat>
</suite>
</statistics>
<errors>
</errors>
</robot>
